<?xml version="1.0" encoding="UTF-8"?>
<!-- Generated by org.testng.reporters.JUnitXMLReporter -->
<testsuite hostname="xd-w7x32-067" name="Default test" tests="2" failures="0" timestamp="4 Oct 2017 06:15:47 GMT" time="21.418" errors="0">
  <testcase name="login" time="0.0" classname="com.test.automation.uiAutomation.invoiceDetails.TC001_VerifyInvoiceDetails">
    <skipped/>
  </testcase> <!-- login -->
  <testcase name="headerDetails" time="0.0" classname="com.test.automation.uiAutomation.invoiceDetails.TC001_VerifyInvoiceDetails">
    <skipped/>
  </testcase> <!-- headerDetails -->
</testsuite> <!-- Default test -->
